TN:
SF:app.js
FNF:0
FNH:0
DA:1,3
DA:2,3
DA:3,3
DA:4,3
DA:5,3
DA:6,3
DA:7,3
DA:8,3
DA:10,3
DA:11,3
DA:13,3
DA:15,3
DA:16,3
DA:18,3
DA:19,3
DA:20,3
DA:22,3
DA:24,3
LF:18
LH:18
BRF:0
BRH:0
end_of_record
TN:
SF:config/db.js
FN:3,(anonymous_0)
FNF:1
FNH:1
FNDA:3,(anonymous_0)
DA:1,3
DA:3,3
DA:4,3
DA:5,3
DA:6,3
DA:9,0
DA:10,0
DA:14,0
DA:16,0
DA:17,0
DA:21,3
LF:11
LH:6
BRDA:4,0,0,3
BRDA:4,0,1,0
BRF:2
BRH:1
end_of_record
TN:
SF:controllers/authController.js
FN:5,(anonymous_0)
FN:31,(anonymous_1)
FNF:2
FNH:2
FNDA:2,(anonymous_0)
FNDA:2,(anonymous_1)
DA:1,3
DA:2,3
DA:3,3
DA:5,3
DA:6,2
DA:7,2
DA:8,2
DA:9,2
DA:10,2
DA:11,2
DA:12,2
DA:16,2
DA:18,2
DA:27,0
DA:31,3
DA:32,2
DA:33,2
DA:34,2
DA:35,2
DA:36,2
DA:37,2
DA:38,2
DA:39,2
DA:41,0
LF:24
LH:22
BRDA:9,0,0,0
BRDA:9,0,1,2
BRDA:35,1,0,0
BRDA:35,1,1,2
BRDA:37,2,0,0
BRDA:37,2,1,2
BRF:6
BRH:3
end_of_record
TN:
SF:controllers/bugController.js
FN:3,(anonymous_0)
FN:12,(anonymous_1)
FN:22,(anonymous_2)
FN:32,(anonymous_3)
FN:46,(anonymous_4)
FNF:5
FNH:5
FNDA:1,(anonymous_0)
FNDA:1,(anonymous_1)
FNDA:1,(anonymous_2)
FNDA:1,(anonymous_3)
FNDA:1,(anonymous_4)
DA:1,3
DA:3,3
DA:4,1
DA:5,1
DA:6,1
DA:8,0
DA:12,3
DA:13,1
DA:14,1
DA:15,1
DA:16,1
DA:18,0
DA:22,3
DA:23,1
DA:24,1
DA:25,1
DA:26,1
DA:28,0
DA:32,3
DA:33,1
DA:34,1
DA:39,1
DA:40,1
DA:42,0
DA:46,3
DA:47,1
DA:48,1
DA:49,1
DA:50,1
DA:52,0
LF:30
LH:25
BRDA:15,0,0,0
BRDA:15,0,1,1
BRDA:39,1,0,0
BRDA:39,1,1,1
BRDA:49,2,0,0
BRDA:49,2,1,1
BRF:6
BRH:3
end_of_record
TN:
SF:controllers/userController.js
FN:4,(anonymous_0)
FNF:1
FNH:1
FNDA:2,(anonymous_0)
DA:1,3
DA:4,3
DA:5,2
DA:6,2
DA:7,2
DA:8,2
DA:9,2
DA:10,2
DA:11,2
DA:12,2
DA:13,1
DA:15,0
LF:12
LH:11
BRDA:9,0,0,2
BRDA:9,0,1,0
BRDA:10,1,0,0
BRDA:10,1,1,2
BRDA:12,2,0,1
BRDA:12,2,1,1
BRF:6
BRH:4
end_of_record
TN:
SF:middleware/authMiddleware.js
FN:3,authMiddleware
FNF:1
FNH:1
FNDA:5,authMiddleware
DA:1,3
DA:4,5
DA:5,5
DA:6,0
DA:8,5
DA:9,5
DA:10,5
DA:11,5
DA:12,5
DA:14,0
DA:18,3
LF:11
LH:9
BRDA:5,0,0,0
BRDA:5,0,1,5
BRDA:5,1,0,5
BRDA:5,1,1,5
BRF:4
BRH:3
end_of_record
TN:
SF:middleware/errorHandler.js
FN:1,errorHandler
FNF:1
FNH:0
FNDA:0,errorHandler
DA:2,0
DA:3,0
DA:6,3
LF:3
LH:1
BRDA:3,0,0,0
BRDA:3,0,1,0
BRF:2
BRH:0
end_of_record
TN:
SF:models/Bug.js
FNF:0
FNH:0
DA:1,3
DA:3,3
DA:14,3
LF:3
LH:3
BRF:0
BRH:0
end_of_record
TN:
SF:models/User.js
FNF:0
FNH:0
DA:1,3
DA:3,3
DA:10,3
LF:3
LH:3
BRF:0
BRH:0
end_of_record
TN:
SF:routes/authRoutes.js
FN:14,(anonymous_0)
FN:30,(anonymous_1)
FNF:2
FNH:2
FNDA:2,(anonymous_0)
FNDA:2,(anonymous_1)
DA:1,3
DA:2,3
DA:3,3
DA:5,3
DA:7,3
DA:15,2
DA:16,2
DA:17,0
DA:19,2
DA:24,3
DA:31,2
DA:32,2
DA:33,0
DA:35,2
DA:40,3
LF:15
LH:13
BRDA:16,0,0,0
BRDA:16,0,1,2
BRDA:32,1,0,0
BRDA:32,1,1,2
BRF:4
BRH:2
end_of_record
TN:
SF:routes/bugRoutes.js
FN:13,(anonymous_0)
FNF:1
FNH:1
FNDA:2,(anonymous_0)
DA:1,3
DA:2,3
DA:3,3
DA:4,3
DA:6,3
DA:9,3
DA:14,2
DA:15,2
DA:16,0
DA:18,2
DA:22,3
DA:23,3
DA:24,3
DA:25,3
DA:26,3
DA:27,3
DA:29,3
LF:17
LH:16
BRDA:15,0,0,0
BRDA:15,0,1,2
BRF:2
BRH:1
end_of_record
TN:
SF:routes/userRoutes.js
FN:16,(anonymous_0)
FNF:1
FNH:1
FNDA:2,(anonymous_0)
DA:1,3
DA:2,3
DA:3,3
DA:4,3
DA:6,3
DA:9,3
DA:17,2
DA:18,2
DA:19,0
DA:21,2
DA:26,3
LF:11
LH:10
BRDA:18,0,0,0
BRDA:18,0,1,2
BRF:2
BRH:1
end_of_record
